<?xml version="1.0" encoding="UTF-8"?>
<testsuite xmlns:xsi="http://www.w3.org/2001/XMLSchema-instance" xsi:noNamespaceSchemaLocation="https://maven.apache.org/surefire/maven-surefire-plugin/xsd/surefire-test-report-3.0.xsd" version="3.0" name="TestSuite" time="6.472" tests="1" errors="0" skipped="0" failures="1">
  <properties>
[...]
</properties>
  <testcase name="test1" classname="apichaining.EndToEndTest" time="4.42">
    <failure message="Connection refused: connect" type="java.net.ConnectException"><![CDATA[java.net.ConnectException: Connection refused: connect
	at apichaining.EndToEndTest.GetMethod(EndToEndTest.java:98)
	at apichaining.EndToEndTest.test1(EndToEndTest.java:46)
]]></failure>
    <system-out><![CDATA[[TestNGContentHandler] [WARN] It is strongly recommended to add "<!DOCTYPE suite SYSTEM "http://testng.org/testng-1.0.dtd" >" at the top of your file, otherwise TestNG may fail or not work as expected.
id:- 21
{
  "name": "sanika",
  "salary": "5000",
  "id": 21
}
]]></system-out>
    <system-err><![CDATA[May 29, 2022 12:55:35 PM org.apache.http.impl.client.DefaultHttpClient tryExecute
INFO: I/O exception (org.apache.http.NoHttpResponseException) caught when processing request to {}->http://localhost:3000: The target server failed to respond
May 29, 2022 12:55:35 PM org.apache.http.impl.client.DefaultHttpClient tryExecute
INFO: Retrying request to {}->http://localhost:3000
]]></system-err>
  </testcase>
</testsuite>