-------------------------------------------------------------------------------
Test set: TestSuite
-------------------------------------------------------------------------------
Tests run: 1, Failures: 1, Errors: 0, Skipped: 0, Time elapsed: 6.472 s <<< FAILURE! - in TestSuite
apichaining.EndToEndTest.test1  Time elapsed: 4.42 s  <<< FAILURE!
java.net.ConnectException: Connection refused: connect
	at apichaining.EndToEndTest.GetMethod(EndToEndTest.java:98)
	at apichaining.EndToEndTest.test1(EndToEndTest.java:46)

