<?xml version="1.0" encoding="UTF-8"?>
<testng-results ignored="1" total="2" passed="1" failed="0" skipped="0">
  <reporter-output>
  </reporter-output>
  <suite started-at="2022-06-04T06:38:57Z" name="Default suite" finished-at="2022-06-04T06:39:03Z" duration-ms="5450">
    <groups>
    </groups>
    <test started-at="2022-06-04T06:38:57Z" name="Default test" finished-at="2022-06-04T06:39:03Z" duration-ms="5450">
      <class name="restApiXML.XMLTest">
        <test-method signature="test2()[pri:0, instance:restApiXML.XMLTest@7fcf2fc1]" started-at="2022-06-04T06:38:57Z" name="test2" finished-at="2022-06-04T06:39:03Z" duration-ms="5391" status="PASS">
          <reporter-output>
          </reporter-output>
        </test-method> <!-- test2 -->
      </class> <!-- restApiXML.XMLTest -->
    </test> <!-- Default test -->
  </suite> <!-- Default suite -->
</testng-results>
